# JRE version: OpenJDK Runtime Environment (11.0.13) (build 11.0.13+0-b1751.21-8125866)
# Java VM: OpenJDK 64-Bit Server VM (11.0.13+0-b1751.21-8125866, mixed mode, tiered, compressed oops, g1 gc, windows-amd64)
Heap:
 garbage-first heap   total 225280K, used 177372K [0x0000000080000000, 0x0000000100000000)
  region size 1024K, 37 young (37888K), 5 survivors (5120K)
 Metaspace       used 89587K, capacity 91948K, committed 92156K, reserved 1128448K
  class space    used 11534K, capacity 12307K, committed 12364K, reserved 1048576K
GC Heap History (20 events):
Event: 82.112 GC heap before
{Heap before GC invocations=47 (full 0):
 garbage-first heap   total 187392K, used 144099K [0x0000000080000000, 0x0000000100000000)
  region size 1024K, 42 young (43008K), 5 survivors (5120K)
 Metaspace       used 76225K, capacity 78237K, committed 78332K, reserved 1118208K
  class space    used 9829K, capacity 10531K, committed 10572K, reserved 1048576K
}
Event: 82.168 GC heap after
{Heap after GC invocations=48 (full 0):
 garbage-first heap   total 187392K, used 110139K [0x0000000080000000, 0x0000000100000000)
  region size 1024K, 6 young (6144K), 6 survivors (6144K)
 Metaspace       used 76225K, capacity 78237K, committed 78332K, reserved 1118208K
  class space    used 9829K, capacity 10531K, committed 10572K, reserved 1048576K
}
Event: 88.951 GC heap before
{Heap before GC invocations=48 (full 0):
 garbage-first heap   total 187392K, used 129595K [0x0000000080000000, 0x0000000100000000)
  region size 1024K, 26 young (26624K), 6 survivors (6144K)
 Metaspace       used 78531K, capacity 80521K, committed 80764K, reserved 1120256K
  class space    used 10041K, capacity 10672K, committed 10700K, reserved 1048576K
}
Event: 88.976 GC heap after
{Heap after GC invocations=49 (full 0):
 garbage-first heap   total 225280K, used 113229K [0x0000000080000000, 0x0000000100000000)
  region size 1024K, 6 young (6144K), 6 survivors (6144K)
 Metaspace       used 78531K, capacity 80521K, committed 80764K, reserved 1120256K
  class space    used 10041K, capacity 10672K, committed 10700K, reserved 1048576K
}
Event: 89.577 GC heap before
{Heap before GC invocations=50 (full 0):
 garbage-first heap   total 225280K, used 124493K [0x0000000080000000, 0x0000000100000000)
  region size 1024K, 9 young (9216K), 6 survivors (6144K)
 Metaspace       used 78532K, capacity 80521K, committed 80764K, reserved 1120256K
  class space    used 10041K, capacity 10672K, committed 10700K, reserved 1048576K
}
Event: 89.602 GC heap after
{Heap after GC invocations=51 (full 0):
 garbage-first heap   total 225280K, used 125252K [0x0000000080000000, 0x0000000100000000)
  region size 1024K, 6 young (6144K), 6 survivors (6144K)
 Metaspace       used 78532K, capacity 80521K, committed 80764K, reserved 1120256K
  class space    used 10041K, capacity 10672K, committed 10700K, reserved 1048576K
}
Event: 91.052 GC heap before
{Heap before GC invocations=52 (full 0):
 garbage-first heap   total 225280K, used 129348K [0x0000000080000000, 0x0000000100000000)
  region size 1024K, 7 young (7168K), 6 survivors (6144K)
 Metaspace       used 78532K, capacity 80521K, committed 80764K, reserved 1120256K
  class space    used 10041K, capacity 10672K, committed 10700K, reserved 1048576K
}
Event: 91.063 GC heap after
{Heap after GC invocations=53 (full 0):
 garbage-first heap   total 225280K, used 130247K [0x0000000080000000, 0x0000000100000000)
  region size 1024K, 4 young (4096K), 4 survivors (4096K)
 Metaspace       used 78532K, capacity 80521K, committed 80764K, reserved 1120256K
  class space    used 10041K, capacity 10672K, committed 10700K, reserved 1048576K
}
Event: 91.818 GC heap before
{Heap before GC invocations=54 (full 0):
 garbage-first heap   total 225280K, used 136391K [0x0000000080000000, 0x0000000100000000)
  region size 1024K, 6 young (6144K), 4 survivors (4096K)
 Metaspace       used 78532K, capacity 80521K, committed 80764K, reserved 1120256K
  class space    used 10041K, capacity 10672K, committed 10700K, reserved 1048576K
}
Event: 91.821 GC heap after
{Heap after GC invocations=55 (full 0):
 garbage-first heap   total 225280K, used 136749K [0x0000000080000000, 0x0000000100000000)
  region size 1024K, 2 young (2048K), 2 survivors (2048K)
 Metaspace       used 78532K, capacity 80521K, committed 80764K, reserved 1120256K
  class space    used 10041K, capacity 10672K, committed 10700K, reserved 1048576K
}
Event: 98.164 GC heap before
{Heap before GC invocations=56 (full 0):
 garbage-first heap   total 225280K, used 168493K [0x0000000080000000, 0x0000000100000000)
  region size 1024K, 32 young (32768K), 2 survivors (2048K)
 Metaspace       used 80557K, capacity 82773K, committed 82940K, reserved 1122304K
  class space    used 10329K, capacity 11050K, committed 11084K, reserved 1048576K
}
Event: 98.186 GC heap after
{Heap after GC invocations=57 (full 0):
 garbage-first heap   total 225280K, used 139724K [0x0000000080000000, 0x0000000100000000)
  region size 1024K, 4 young (4096K), 4 survivors (4096K)
 Metaspace       used 80557K, capacity 82773K, committed 82940K, reserved 1122304K
  class space    used 10329K, capacity 11050K, committed 11084K, reserved 1048576K
}
Event: 101.767 GC heap before
{Heap before GC invocations=57 (full 0):
 garbage-first heap   total 225280K, used 171468K [0x0000000080000000, 0x0000000100000000)
  region size 1024K, 35 young (35840K), 4 survivors (4096K)
 Metaspace       used 81423K, capacity 83661K, committed 83836K, reserved 1122304K
  class space    used 10425K, capacity 11153K, committed 11212K, reserved 1048576K
}
Event: 101.773 GC heap after
{Heap after GC invocations=58 (full 0):
 garbage-first heap   total 225280K, used 140388K [0x0000000080000000, 0x0000000100000000)
  region size 1024K, 3 young (3072K), 3 survivors (3072K)
 Metaspace       used 81423K, capacity 83661K, committed 83836K, reserved 1122304K
  class space    used 10425K, capacity 11153K, committed 11212K, reserved 1048576K
}
Event: 104.254 GC heap before
{Heap before GC invocations=59 (full 0):
 garbage-first heap   total 225280K, used 174180K [0x0000000080000000, 0x0000000100000000)
  region size 1024K, 36 young (36864K), 3 survivors (3072K)
 Metaspace       used 83094K, capacity 85356K, committed 85628K, reserved 1124352K
  class space    used 10656K, capacity 11415K, committed 11468K, reserved 1048576K
}
Event: 104.263 GC heap after
{Heap after GC invocations=60 (full 0):
 garbage-first heap   total 225280K, used 141292K [0x0000000080000000, 0x0000000100000000)
  region size 1024K, 2 young (2048K), 2 survivors (2048K)
 Metaspace       used 83094K, capacity 85356K, committed 85628K, reserved 1124352K
  class space    used 10656K, capacity 11415K, committed 11468K, reserved 1048576K
}
Event: 109.352 GC heap before
{Heap before GC invocations=60 (full 0):
 garbage-first heap   total 225280K, used 176108K [0x0000000080000000, 0x0000000100000000)
  region size 1024K, 36 young (36864K), 2 survivors (2048K)
 Metaspace       used 85343K, capacity 87718K, committed 87804K, reserved 1126400K
  class space    used 10976K, capacity 11803K, committed 11852K, reserved 1048576K
}
Event: 109.357 GC heap after
{Heap after GC invocations=61 (full 0):
 garbage-first heap   total 225280K, used 143039K [0x0000000080000000, 0x0000000100000000)
  region size 1024K, 3 young (3072K), 3 survivors (3072K)
 Metaspace       used 85343K, capacity 87718K, committed 87804K, reserved 1126400K
  class space    used 10976K, capacity 11803K, committed 11852K, reserved 1048576K
}
Event: 112.241 GC heap before
{Heap before GC invocations=62 (full 0):
 garbage-first heap   total 225280K, used 179903K [0x0000000080000000, 0x0000000100000000)
  region size 1024K, 39 young (39936K), 3 survivors (3072K)
 Metaspace       used 87890K, capacity 90289K, committed 90492K, reserved 1128448K
  class space    used 11305K, capacity 12120K, committed 12236K, reserved 1048576K
}
Event: 112.254 GC heap after
{Heap after GC invocations=63 (full 0):
 garbage-first heap   total 225280K, used 145628K [0x0000000080000000, 0x0000000100000000)
  region size 1024K, 5 young (5120K), 5 survivors (5120K)
 Metaspace       used 87890K, capacity 90289K, committed 90492K, reserved 1128448K
  class space    used 11305K, capacity 12120K, committed 12236K, reserved 1048576K
}

