# JRE version: OpenJDK Runtime Environment (11.0.13) (build 11.0.13+0-b1751.21-8125866)
# Java VM: OpenJDK 64-Bit Server VM (11.0.13+0-b1751.21-8125866, mixed mode, tiered, compressed oops, g1 gc, windows-amd64)
Heap:
 garbage-first heap   total 225280K, used 167717K [0x0000000080000000, 0x0000000100000000)
  region size 1024K, 2 young (2048K), 2 survivors (2048K)
 Metaspace       used 101847K, capacity 104492K, committed 104700K, reserved 1140736K
  class space    used 12913K, capacity 13795K, committed 13900K, reserved 1048576K
GC Heap History (20 events):
Event: 280.040 GC heap after
{Heap after GC invocations=118 (full 0):
 garbage-first heap   total 187392K, used 162392K [0x0000000080000000, 0x0000000100000000)
  region size 1024K, 2 young (2048K), 2 survivors (2048K)
 Metaspace       used 101152K, capacity 103766K, committed 103804K, reserved 1138688K
  class space    used 12873K, capacity 13760K, committed 13772K, reserved 1048576K
}
Event: 280.485 GC heap before
{Heap before GC invocations=118 (full 0):
 garbage-first heap   total 187392K, used 168536K [0x0000000080000000, 0x0000000100000000)
  region size 1024K, 9 young (9216K), 2 survivors (2048K)
 Metaspace       used 101215K, capacity 103894K, committed 104060K, reserved 1140736K
  class space    used 12873K, capacity 13760K, committed 13772K, reserved 1048576K
}
Event: 280.493 GC heap after
{Heap after GC invocations=119 (full 0):
 garbage-first heap   total 187392K, used 163462K [0x0000000080000000, 0x0000000100000000)
  region size 1024K, 2 young (2048K), 2 survivors (2048K)
 Metaspace       used 101215K, capacity 103894K, committed 104060K, reserved 1140736K
  class space    used 12873K, capacity 13760K, committed 13772K, reserved 1048576K
}
Event: 281.213 GC heap before
{Heap before GC invocations=119 (full 0):
 garbage-first heap   total 187392K, used 170630K [0x0000000080000000, 0x0000000100000000)
  region size 1024K, 9 young (9216K), 2 survivors (2048K)
 Metaspace       used 101230K, capacity 103894K, committed 104060K, reserved 1140736K
  class space    used 12873K, capacity 13760K, committed 13772K, reserved 1048576K
}
Event: 281.225 GC heap after
{Heap after GC invocations=120 (full 0):
 garbage-first heap   total 187392K, used 164570K [0x0000000080000000, 0x0000000100000000)
  region size 1024K, 2 young (2048K), 2 survivors (2048K)
 Metaspace       used 101230K, capacity 103894K, committed 104060K, reserved 1140736K
  class space    used 12873K, capacity 13760K, committed 13772K, reserved 1048576K
}
Event: 281.510 GC heap before
{Heap before GC invocations=120 (full 0):
 garbage-first heap   total 187392K, used 170714K [0x0000000080000000, 0x0000000100000000)
  region size 1024K, 9 young (9216K), 2 survivors (2048K)
 Metaspace       used 101244K, capacity 103900K, committed 104060K, reserved 1140736K
  class space    used 12873K, capacity 13760K, committed 13772K, reserved 1048576K
}
Event: 281.519 GC heap after
{Heap after GC invocations=121 (full 0):
 garbage-first heap   total 187392K, used 165786K [0x0000000080000000, 0x0000000100000000)
  region size 1024K, 2 young (2048K), 2 survivors (2048K)
 Metaspace       used 101244K, capacity 103900K, committed 104060K, reserved 1140736K
  class space    used 12873K, capacity 13760K, committed 13772K, reserved 1048576K
}
Event: 281.806 GC heap before
{Heap before GC invocations=122 (full 0):
 garbage-first heap   total 187392K, used 171930K [0x0000000080000000, 0x0000000100000000)
  region size 1024K, 9 young (9216K), 2 survivors (2048K)
 Metaspace       used 101284K, capacity 103904K, committed 104060K, reserved 1140736K
  class space    used 12873K, capacity 13760K, committed 13772K, reserved 1048576K
}
Event: 281.814 GC heap after
{Heap after GC invocations=123 (full 0):
 garbage-first heap   total 187392K, used 166234K [0x0000000080000000, 0x0000000100000000)
  region size 1024K, 1 young (1024K), 1 survivors (1024K)
 Metaspace       used 101284K, capacity 103904K, committed 104060K, reserved 1140736K
  class space    used 12873K, capacity 13760K, committed 13772K, reserved 1048576K
}
Event: 282.456 GC heap before
{Heap before GC invocations=123 (full 0):
 garbage-first heap   total 187392K, used 174426K [0x0000000080000000, 0x0000000100000000)
  region size 1024K, 9 young (9216K), 1 survivors (1024K)
 Metaspace       used 101302K, capacity 103906K, committed 104060K, reserved 1140736K
  class space    used 12874K, capacity 13760K, committed 13772K, reserved 1048576K
}
Event: 282.468 GC heap after
{Heap after GC invocations=124 (full 0):
 garbage-first heap   total 187392K, used 166384K [0x0000000080000000, 0x0000000100000000)
  region size 1024K, 2 young (2048K), 2 survivors (2048K)
 Metaspace       used 101302K, capacity 103906K, committed 104060K, reserved 1140736K
  class space    used 12874K, capacity 13760K, committed 13772K, reserved 1048576K
}
Event: 282.966 GC heap before
{Heap before GC invocations=124 (full 0):
 garbage-first heap   total 187392K, used 172528K [0x0000000080000000, 0x0000000100000000)
  region size 1024K, 9 young (9216K), 2 survivors (2048K)
 Metaspace       used 101422K, capacity 104050K, committed 104316K, reserved 1140736K
  class space    used 12875K, capacity 13760K, committed 13772K, reserved 1048576K
}
Event: 282.978 GC heap after
{Heap after GC invocations=125 (full 0):
 garbage-first heap   total 187392K, used 167222K [0x0000000080000000, 0x0000000100000000)
  region size 1024K, 1 young (1024K), 1 survivors (1024K)
 Metaspace       used 101422K, capacity 104050K, committed 104316K, reserved 1140736K
  class space    used 12875K, capacity 13760K, committed 13772K, reserved 1048576K
}
Event: 283.267 GC heap before
{Heap before GC invocations=125 (full 0):
 garbage-first heap   total 187392K, used 174390K [0x0000000080000000, 0x0000000100000000)
  region size 1024K, 9 young (9216K), 1 survivors (1024K)
 Metaspace       used 101449K, capacity 104057K, committed 104316K, reserved 1140736K
  class space    used 12875K, capacity 13760K, committed 13772K, reserved 1048576K
}
Event: 283.274 GC heap after
{Heap after GC invocations=126 (full 0):
 garbage-first heap   total 187392K, used 167626K [0x0000000080000000, 0x0000000100000000)
  region size 1024K, 2 young (2048K), 2 survivors (2048K)
 Metaspace       used 101449K, capacity 104057K, committed 104316K, reserved 1140736K
  class space    used 12875K, capacity 13760K, committed 13772K, reserved 1048576K
}
Event: 283.531 GC heap before
{Heap before GC invocations=126 (full 0):
 garbage-first heap   total 187392K, used 173770K [0x0000000080000000, 0x0000000100000000)
  region size 1024K, 9 young (9216K), 2 survivors (2048K)
 Metaspace       used 101716K, capacity 104282K, committed 104444K, reserved 1140736K
  class space    used 12908K, capacity 13792K, committed 13900K, reserved 1048576K
}
Event: 283.539 GC heap after
{Heap after GC invocations=127 (full 0):
 garbage-first heap   total 187392K, used 168381K [0x0000000080000000, 0x0000000100000000)
  region size 1024K, 2 young (2048K), 2 survivors (2048K)
 Metaspace       used 101716K, capacity 104282K, committed 104444K, reserved 1140736K
  class space    used 12908K, capacity 13792K, committed 13900K, reserved 1048576K
}
Event: 283.957 GC heap before
{Heap before GC invocations=128 (full 0):
 garbage-first heap   total 187392K, used 175549K [0x0000000080000000, 0x0000000100000000)
  region size 1024K, 9 young (9216K), 2 survivors (2048K)
 Metaspace       used 101733K, capacity 104349K, committed 104700K, reserved 1140736K
  class space    used 12908K, capacity 13792K, committed 13900K, reserved 1048576K
}
Event: 283.970 GC heap after
{Heap after GC invocations=129 (full 0):
 garbage-first heap   total 187392K, used 169351K [0x0000000080000000, 0x0000000100000000)
  region size 1024K, 2 young (2048K), 2 survivors (2048K)
 Metaspace       used 101733K, capacity 104349K, committed 104700K, reserved 1140736K
  class space    used 12908K, capacity 13792K, committed 13900K, reserved 1048576K
}
Event: 285.626 GC heap before
{Heap before GC invocations=129 (full 0):
 garbage-first heap   total 187392K, used 176519K [0x0000000080000000, 0x0000000100000000)
  region size 1024K, 9 young (9216K), 2 survivors (2048K)
 Metaspace       used 101847K, capacity 104492K, committed 104700K, reserved 1140736K
  class space    used 12913K, capacity 13795K, committed 13900K, reserved 1048576K
}

