# JRE version: OpenJDK Runtime Environment (11.0.13) (build 11.0.13+0-b1751.21-8125866)
# Java VM: OpenJDK 64-Bit Server VM (11.0.13+0-b1751.21-8125866, mixed mode, tiered, compressed oops, g1 gc, windows-amd64)
Heap:
 garbage-first heap   total 187392K, used 153984K [0x0000000080000000, 0x0000000100000000)
  region size 1024K, 12 young (12288K), 3 survivors (3072K)
 Metaspace       used 87704K, capacity 90149K, committed 90492K, reserved 1128448K
  class space    used 11293K, capacity 12118K, committed 12236K, reserved 1048576K
GC Heap History (20 events):
Event: 157.498 GC heap before
{Heap before GC invocations=48 (full 0):
 garbage-first heap   total 187392K, used 121136K [0x0000000080000000, 0x0000000100000000)
  region size 1024K, 15 young (15360K), 6 survivors (6144K)
 Metaspace       used 78472K, capacity 80452K, committed 80508K, reserved 1120256K
  class space    used 10041K, capacity 10672K, committed 10700K, reserved 1048576K
}
Event: 157.518 GC heap after
{Heap after GC invocations=49 (full 0):
 garbage-first heap   total 187392K, used 114772K [0x0000000080000000, 0x0000000100000000)
  region size 1024K, 2 young (2048K), 2 survivors (2048K)
 Metaspace       used 78472K, capacity 80452K, committed 80508K, reserved 1120256K
  class space    used 10041K, capacity 10672K, committed 10700K, reserved 1048576K
}
Event: 159.455 GC heap before
{Heap before GC invocations=50 (full 0):
 garbage-first heap   total 187392K, used 159828K [0x0000000080000000, 0x0000000100000000)
  region size 1024K, 28 young (28672K), 2 survivors (2048K)
 Metaspace       used 80041K, capacity 82174K, committed 82428K, reserved 1120256K
  class space    used 10269K, capacity 10980K, committed 11084K, reserved 1048576K
}
Event: 159.473 GC heap after
{Heap after GC invocations=51 (full 0):
 garbage-first heap   total 187392K, used 140288K [0x0000000080000000, 0x0000000100000000)
  region size 1024K, 4 young (4096K), 4 survivors (4096K)
 Metaspace       used 80041K, capacity 82174K, committed 82428K, reserved 1120256K
  class space    used 10269K, capacity 10980K, committed 11084K, reserved 1048576K
}
Event: 160.054 GC heap before
{Heap before GC invocations=51 (full 0):
 garbage-first heap   total 187392K, used 156672K [0x0000000080000000, 0x0000000100000000)
  region size 1024K, 20 young (20480K), 4 survivors (4096K)
 Metaspace       used 80782K, capacity 82923K, committed 83196K, reserved 1122304K
  class space    used 10362K, capacity 11060K, committed 11084K, reserved 1048576K
}
Event: 160.071 GC heap after
{Heap after GC invocations=52 (full 0):
 garbage-first heap   total 187392K, used 140921K [0x0000000080000000, 0x0000000100000000)
  region size 1024K, 1 young (1024K), 1 survivors (1024K)
 Metaspace       used 80782K, capacity 82923K, committed 83196K, reserved 1122304K
  class space    used 10362K, capacity 11060K, committed 11084K, reserved 1048576K
}
Event: 161.041 GC heap before
{Heap before GC invocations=53 (full 0):
 garbage-first heap   total 187392K, used 157305K [0x0000000080000000, 0x0000000100000000)
  region size 1024K, 17 young (17408K), 1 survivors (1024K)
 Metaspace       used 81073K, capacity 83415K, committed 83580K, reserved 1122304K
  class space    used 10402K, capacity 11158K, committed 11212K, reserved 1048576K
}
Event: 161.046 GC heap after
{Heap after GC invocations=54 (full 0):
 garbage-first heap   total 187392K, used 141058K [0x0000000080000000, 0x0000000100000000)
  region size 1024K, 1 young (1024K), 1 survivors (1024K)
 Metaspace       used 81073K, capacity 83415K, committed 83580K, reserved 1122304K
  class space    used 10402K, capacity 11158K, committed 11212K, reserved 1048576K
}
Event: 161.539 GC heap before
{Heap before GC invocations=54 (full 0):
 garbage-first heap   total 187392K, used 158466K [0x0000000080000000, 0x0000000100000000)
  region size 1024K, 18 young (18432K), 1 survivors (1024K)
 Metaspace       used 81640K, capacity 83991K, committed 84220K, reserved 1122304K
  class space    used 10471K, capacity 11222K, committed 11340K, reserved 1048576K
}
Event: 161.548 GC heap after
{Heap after GC invocations=55 (full 0):
 garbage-first heap   total 187392K, used 141112K [0x0000000080000000, 0x0000000100000000)
  region size 1024K, 1 young (1024K), 1 survivors (1024K)
 Metaspace       used 81640K, capacity 83991K, committed 84220K, reserved 1122304K
  class space    used 10471K, capacity 11222K, committed 11340K, reserved 1048576K
}
Event: 163.239 GC heap before
{Heap before GC invocations=56 (full 0):
 garbage-first heap   total 187392K, used 158520K [0x0000000080000000, 0x0000000100000000)
  region size 1024K, 18 young (18432K), 1 survivors (1024K)
 Metaspace       used 82653K, capacity 84907K, committed 85116K, reserved 1122304K
  class space    used 10589K, capacity 11375K, committed 11468K, reserved 1048576K
}
Event: 163.248 GC heap after
{Heap after GC invocations=57 (full 0):
 garbage-first heap   total 187392K, used 141761K [0x0000000080000000, 0x0000000100000000)
  region size 1024K, 2 young (2048K), 2 survivors (2048K)
 Metaspace       used 82653K, capacity 84907K, committed 85116K, reserved 1122304K
  class space    used 10589K, capacity 11375K, committed 11468K, reserved 1048576K
}
Event: 164.629 GC heap before
{Heap before GC invocations=57 (full 0):
 garbage-first heap   total 187392K, used 159169K [0x0000000080000000, 0x0000000100000000)
  region size 1024K, 19 young (19456K), 2 survivors (2048K)
 Metaspace       used 83578K, capacity 85860K, committed 86012K, reserved 1124352K
  class space    used 10740K, capacity 11515K, committed 11596K, reserved 1048576K
}
Event: 164.639 GC heap after
{Heap after GC invocations=58 (full 0):
 garbage-first heap   total 187392K, used 142309K [0x0000000080000000, 0x0000000100000000)
  region size 1024K, 3 young (3072K), 3 survivors (3072K)
 Metaspace       used 83578K, capacity 85860K, committed 86012K, reserved 1124352K
  class space    used 10740K, capacity 11515K, committed 11596K, reserved 1048576K
}
Event: 166.145 GC heap before
{Heap before GC invocations=59 (full 0):
 garbage-first heap   total 187392K, used 159717K [0x0000000080000000, 0x0000000100000000)
  region size 1024K, 20 young (20480K), 3 survivors (3072K)
 Metaspace       used 84808K, capacity 87168K, committed 87292K, reserved 1124352K
  class space    used 10913K, capacity 11730K, committed 11852K, reserved 1048576K
}
Event: 166.168 GC heap after
{Heap after GC invocations=60 (full 0):
 garbage-first heap   total 187392K, used 143486K [0x0000000080000000, 0x0000000100000000)
  region size 1024K, 3 young (3072K), 3 survivors (3072K)
 Metaspace       used 84808K, capacity 87168K, committed 87292K, reserved 1124352K
  class space    used 10913K, capacity 11730K, committed 11852K, reserved 1048576K
}
Event: 167.488 GC heap before
{Heap before GC invocations=60 (full 0):
 garbage-first heap   total 187392K, used 160894K [0x0000000080000000, 0x0000000100000000)
  region size 1024K, 20 young (20480K), 3 survivors (3072K)
 Metaspace       used 85905K, capacity 88303K, committed 88444K, reserved 1126400K
  class space    used 11062K, capacity 11871K, committed 11980K, reserved 1048576K
}
Event: 167.501 GC heap after
{Heap after GC invocations=61 (full 0):
 garbage-first heap   total 187392K, used 144305K [0x0000000080000000, 0x0000000100000000)
  region size 1024K, 2 young (2048K), 2 survivors (2048K)
 Metaspace       used 85905K, capacity 88303K, committed 88444K, reserved 1126400K
  class space    used 11062K, capacity 11871K, committed 11980K, reserved 1048576K
}
Event: 171.124 GC heap before
{Heap before GC invocations=62 (full 0):
 garbage-first heap   total 187392K, used 161713K [0x0000000080000000, 0x0000000100000000)
  region size 1024K, 19 young (19456K), 2 survivors (2048K)
 Metaspace       used 87101K, capacity 89527K, committed 89596K, reserved 1126400K
  class space    used 11216K, capacity 12039K, committed 12108K, reserved 1048576K
}
Event: 171.138 GC heap after
{Heap after GC invocations=63 (full 0):
 garbage-first heap   total 187392K, used 145792K [0x0000000080000000, 0x0000000100000000)
  region size 1024K, 3 young (3072K), 3 survivors (3072K)
 Metaspace       used 87101K, capacity 89527K, committed 89596K, reserved 1126400K
  class space    used 11216K, capacity 12039K, committed 12108K, reserved 1048576K
}

